<?xml version="1.0" encoding="UTF-8"?>
<testsuite name="portfolio.PortfolioTest" tests="6" skipped="0" failures="0" errors="0" timestamp="2020-03-04T21:33:46" hostname="NightLight" time="0.021">
  <properties/>
  <testcase name="testGetShare()" classname="portfolio.PortfolioTest" time="0.015"/>
  <testcase name="testBuy()" classname="portfolio.PortfolioTest" time="0.002"/>
  <testcase name="testSell()" classname="portfolio.PortfolioTest" time="0.001"/>
  <testcase name="testSellTotal()" classname="portfolio.PortfolioTest" time="0.001"/>
  <testcase name="testSellUnknown()" classname="portfolio.PortfolioTest" time="0.0"/>
  <testcase name="testContains()" classname="portfolio.PortfolioTest" time="0.0"/>
  <system-out><![CDATA[]]></system-out>
  <system-err><![CDATA[]]></system-err>
</testsuite>
